ERROR:root:No existing reservation for no.misaki0522
ERROR:root:No existing reservation for no.waseda1102
ERROR:root:No existing reservation for no.RINOUE0513
ERROR:root:No existing reservation for no.30294910Aa
ERROR:root:No existing reservation for no.yasumodayo
ERROR:root:No existing reservation for no.5070000209
ERROR:root:No existing reservation for no.kuro336699
ERROR:root:No existing reservation for no.1227272727
ERROR:root:No existing reservation for no.0915537429
ERROR:root:No existing reservation for no.50913yumie
ERROR:root:No existing reservation for no.14161217ri
ERROR:root:No existing reservation for no.0019980320
ERROR:root:No existing reservation for no.9616ichiro
ERROR:root:No existing reservation for no.misaki0522
ERROR:root:No existing reservation for no.waseda1102
ERROR:root:No existing reservation for no.RINOUE0513
ERROR:root:No existing reservation for no.30294910Aa
ERROR:root:No existing reservation for no.yasumodayo
ERROR:root:No existing reservation for no.5070000209
ERROR:root:No existing reservation for no.kuro336699
ERROR:root:No existing reservation for no.1227272727
ERROR:root:No existing reservation for no.0915537429
ERROR:root:No existing reservation for no.50913yumie
ERROR:root:No existing reservation for no.14161217ri
ERROR:root:No existing reservation for no.0019980320
ERROR:root:No existing reservation for no.9616ichiro
ERROR:root:No existing reservation for no.koku073096
ERROR:root:No existing reservation for no.inatennism
ERROR:root:No existing reservation for no.sunsunsun3
ERROR:root:No existing reservation for no.0456982453
ERROR:root:No existing reservation for no.05121wsnfm
ERROR:root:No existing reservation for no.hahahawaii
ERROR:root:No existing reservation for no.misso0202y
ERROR:root:No existing reservation for no.amachan727
ERROR:root:No existing reservation for no.atsuya0NNS
ERROR:root:No existing reservation for no.andrew1341
ERROR:root:No existing reservation for no.1996081200
ERROR:root:No existing reservation for no.2412584657
ERROR:root:No existing reservation for no.kai1998030
ERROR:root:No existing reservation for no.seiraaoki8
ERROR:root:No existing reservation for no.0523142134
ERROR:root:No existing reservation for no.rico817nnn
ERROR:root:No existing reservation for no.3141592933
ERROR:root:No existing reservation for no.waseda917t
ERROR:root:No existing reservation for no.waseda1022
ERROR:root:No existing reservation for no.aotaku0205
ERROR:root:No existing reservation for no.tauff5kc11
ERROR:root:No existing reservation for no.1113896841
ERROR:root:No existing reservation for no.kota122525
ERROR:root:No existing reservation for no.1F19076806
ERROR:root:No existing reservation for no.0000120822
ERROR:root:No existing reservation for no.ad19390901
ERROR:root:No existing reservation for no.wonhyunkan
ERROR:root:No existing reservation for no.0012042000
ERROR:root:No existing reservation for no.9092609157
ERROR:root:No existing reservation for no.9081977555
ERROR:root:No existing reservation for no.1J20F04901
ERROR:root:No existing reservation for no.216to6au21
ERROR:root:No existing reservation for no.narumi0117
ERROR:root:No existing reservation for no.1019981015
ERROR:root:No existing reservation for no.mame190827
ERROR:root:No existing reservation for no.manadayo96
ERROR:root:No existing reservation for no.aiakanen24
ERROR:root:No existing reservation for no.balcerona9
ERROR:root:No existing reservation for no.tagurikoyo
ERROR:root:No existing reservation for no.0000114380
ERROR:root:No existing reservation for no.0000108456
ERROR:root:No existing reservation for no.misaki0522
ERROR:root:No existing reservation for no.waseda1102
ERROR:root:No existing reservation for no.RINOUE0513
ERROR:root:No existing reservation for no.30294910Aa
ERROR:root:No existing reservation for no.yasumodayo
ERROR:root:No existing reservation for no.5070000209
ERROR:root:No existing reservation for no.kuro336699
ERROR:root:No existing reservation for no.1227272727
ERROR:root:No existing reservation for no.0915537429
ERROR:root:No existing reservation for no.50913yumie
ERROR:root:No existing reservation for no.14161217ri
ERROR:root:No existing reservation for no.0019980320
ERROR:root:No existing reservation for no.9616ichiro
ERROR:root:No existing reservation for no.koku073096
ERROR:root:No existing reservation for no.inatennism
ERROR:root:No existing reservation for no.sunsunsun3
ERROR:root:No existing reservation for no.0456982453
ERROR:root:No existing reservation for no.05121wsnfm
ERROR:root:No existing reservation for no.hahahawaii
ERROR:root:No existing reservation for no.misso0202y
ERROR:root:No existing reservation for no.amachan727
ERROR:root:No existing reservation for no.atsuya0NNS
ERROR:root:No existing reservation for no.andrew1341
ERROR:root:No existing reservation for no.1996081200
ERROR:root:No existing reservation for no.2412584657
ERROR:root:No existing reservation for no.kai1998030
ERROR:root:No existing reservation for no.seiraaoki8
ERROR:root:No existing reservation for no.0523142134
ERROR:root:No existing reservation for no.rico817nnn
ERROR:root:No existing reservation for no.3141592933
ERROR:root:No existing reservation for no.waseda917t
ERROR:root:No existing reservation for no.waseda1022
ERROR:root:No existing reservation for no.aotaku0205
ERROR:root:No existing reservation for no.tauff5kc11
ERROR:root:No existing reservation for no.1113896841
ERROR:root:No existing reservation for no.kota122525
ERROR:root:No existing reservation for no.1F19076806
ERROR:root:No existing reservation for no.0000120822
ERROR:root:No existing reservation for no.ad19390901
ERROR:root:No existing reservation for no.wonhyunkan
ERROR:root:No existing reservation for no.0012042000
ERROR:root:No existing reservation for no.9092609157
ERROR:root:No existing reservation for no.9081977555
ERROR:root:No existing reservation for no.1J20F04901
ERROR:root:No existing reservation for no.216to6au21
ERROR:root:No existing reservation for no.narumi0117
ERROR:root:No existing reservation for no.1019981015
ERROR:root:No existing reservation for no.mame190827
ERROR:root:No existing reservation for no.manadayo96
ERROR:root:No existing reservation for no.aiakanen24
ERROR:root:No existing reservation for no.balcerona9
ERROR:root:No existing reservation for no.tagurikoyo
ERROR:root:No existing reservation for no.0000114380
ERROR:root:No existing reservation for no.0000108456
ERROR:root:No existing reservation for no.0000114498
ERROR:root:No existing reservation for no.0000107857
ERROR:root:No existing reservation for no.m1i7n3aaas
ERROR:root:No existing reservation for no.1992040908
ERROR:root:No existing reservation for no.0806519452
ERROR:root:No existing reservation for no.garigariku
ERROR:root:No existing reservation for no.mai3011130
ERROR:root:No existing reservation for no.1993042420
ERROR:root:No existing reservation for no.4555555555
ERROR:root:No existing reservation for no.07290809ks
ERROR:root:No existing reservation for no.nkamatafai
ERROR:root:No existing reservation for no.2611726117
ERROR:root:No existing reservation for no.rikoko0107
ERROR:root:No existing reservation for no.fffffffff3
ERROR:root:No existing reservation for no.watanaaabe
ERROR:root:No existing reservation for no.miyusariko
ERROR:root:No existing reservation for no.1E19H14299
ERROR:root:No existing reservation for no.1Y19F00716
ERROR:root:No existing reservation for no.0000107853
ERROR:root:No existing reservation for no.0000108449
ERROR:root:No existing reservation for no.0000107836
ERROR:root:No existing reservation for no.0000109085
ERROR:root:No existing reservation for no.0000107854
ERROR:root:No existing reservation for no.0000098557
ERROR:root:No existing reservation for no.0000105345
ERROR:root:No existing reservation for no.0000098565
ERROR:root:No existing reservation for no.0000099816
ERROR:root:No existing reservation for no.0000098191
ERROR:root:No existing reservation for no.0000108447
ERROR:root:No existing reservation for no.0000108444
ERROR:root:No existing reservation for no.0000107855
ERROR:root:No existing reservation for no.0000108452
ERROR:root:No existing reservation for no.0000108441
ERROR:root:No existing reservation for no.0000098556
ERROR:root:No existing reservation for no.0000100124
ERROR:root:No existing reservation for no.0000099815
ERROR:root:No existing reservation for no.0000098560
ERROR:root:No existing reservation for no.0000106227
ERROR:root:No existing reservation for no.0000109084
ERROR:root:No existing reservation for no.0000109083
ERROR:root:No existing reservation for no.0000108446
ERROR:root:No existing reservation for no.0000103254
ERROR:root:No existing reservation for no.0000098256
ERROR:root:No existing reservation for no.0000098562
ERROR:root:No existing reservation for no.0000097609
ERROR:root:No existing reservation for no.0000106067
ERROR:root:No existing reservation for no.0000100123
ERROR:root:No existing reservation for no.0000098559
ERROR:root:No existing reservation for no.0000097608
ERROR:root:No existing reservation for no.0000098189
ERROR:root:No existing reservation for no.0000098563
ERROR:root:No existing reservation for no.0000098555
ERROR:root:No existing reservation for no.0000092168
ERROR:root:No existing reservation for no.0000095744
ERROR:root:No existing reservation for no.0000095739
ERROR:root:No existing reservation for no.0000092189
ERROR:root:No existing reservation for no.0000087297
ERROR:root:No existing reservation for no.0000094093
ERROR:root:No existing reservation for no.0000094711
ERROR:root:No existing reservation for no.0000098257
ERROR:root:No existing reservation for no.0000098190
ERROR:root:No existing reservation for no.0000102825
ERROR:root:No existing reservation for no.0000098182
ERROR:root:No existing reservation for no.0000098187
ERROR:root:No existing reservation for no.0000098594
ERROR:root:No existing reservation for no.0000098553
ERROR:root:No existing reservation for no.0000098188
ERROR:root:No existing reservation for no.0000095740
ERROR:root:No existing reservation for no.0000092167
ERROR:root:No existing reservation for no.0000097610
ERROR:root:No existing reservation for no.0000106065
ERROR:root:No existing reservation for no.0000098558
ERROR:root:No existing reservation for no.0000098566
ERROR:root:No existing reservation for no.0000100101
ERROR:root:No existing reservation for no.0000099797
ERROR:root:No existing reservation for no.0000098568
ERROR:root:No existing reservation for no.0000098181
ERROR:root:No existing reservation for no.0000088272
ERROR:root:No existing reservation for no.0000100401
ERROR:root:No existing reservation for no.0000093704
ERROR:root:No existing reservation for no.0000094712
ERROR:root:No existing reservation for no.0000094072
ERROR:root:No existing reservation for no.0000095745
ERROR:root:No existing reservation for no.0000105819
ERROR:root:No existing reservation for no.0000087296
ERROR:root:No existing reservation for no.0000098524
ERROR:root:No existing reservation for no.0000095742
ERROR:root:No existing reservation for no.0000085604
ERROR:root:No existing reservation for no.0000084876
ERROR:root:No existing reservation for no.0000085425
ERROR:root:No existing reservation for no.0000066717
ERROR:root:No existing reservation for no.0000074264
ERROR:root:No existing reservation for no.0000070759
ERROR:root:No existing reservation for no.0000066725
ERROR:root:No existing reservation for no.0000066724
ERROR:root:No existing reservation for no.0000087299
ERROR:root:No existing reservation for no.0000088256
ERROR:root:No existing reservation for no.0000084651
ERROR:root:No existing reservation for no.0000100100
ERROR:root:No existing reservation for no.0000095737
ERROR:root:No existing reservation for no.0000095738
ERROR:root:No existing reservation for no.0000085423
ERROR:root:No existing reservation for no.0000076214
ERROR:root:No existing reservation for no.0000075870
ERROR:root:No existing reservation for no.0000085424
ERROR:root:No existing reservation for no.0000068756
ERROR:root:No existing reservation for no.0000066718
ERROR:root:No existing reservation for no.0000063466
ERROR:root:No existing reservation for no.0000098554
ERROR:root:No existing reservation for no.0000095747
ERROR:root:No existing reservation for no.0000095746
ERROR:root:No existing reservation for no.0000090652
ERROR:root:No existing reservation for no.0000085596
ERROR:root:No existing reservation for no.0000095741
ERROR:root:No existing reservation for no.0000066720
ERROR:root:No existing reservation for no.0000070307
ERROR:root:No existing reservation for no.0000085607
ERROR:root:No existing reservation for no.0000066721
ERROR:root:No existing reservation for no.0000068761
ERROR:root:No existing reservation for no.0000066719
ERROR:root:No existing reservation for no.0000075241
ERROR:root:No existing reservation for no.0000063362
ERROR:root:No existing reservation for no.0000066723
ERROR:root:No existing reservation for no.0000062599
ERROR:root:No existing reservation for no.0000063364
ERROR:root:No existing reservation for no.0000060386
ERROR:root:No existing reservation for no.0000025307
ERROR:root:No existing reservation for no.0000047477
ERROR:root:No existing reservation for no.0000047455
ERROR:root:No existing reservation for no.0000063463
ERROR:root:No existing reservation for no.0000026040
ERROR:root:No existing reservation for no.0000026526
ERROR:root:No existing reservation for no.0000061503
ERROR:root:No existing reservation for no.0000066722
ERROR:root:No existing reservation for no.0000063365
ERROR:root:No existing reservation for no.0000053124
ERROR:root:No existing reservation for no.0000062746
ERROR:root:No existing reservation for no.0000058706
ERROR:root:No existing reservation for no.0000061913
ERROR:root:No existing reservation for no.0000047469
ERROR:root:No existing reservation for no.0000047476
ERROR:root:No existing reservation for no.0000047471
ERROR:root:No existing reservation for no.0000026039
ERROR:root:No existing reservation for no.0000026525
ERROR:root:No existing reservation for no.0000026529
ERROR:root:No existing reservation for no.0000063462
ERROR:root:No existing reservation for no.0000062972
ERROR:root:No existing reservation for no.0000062854
ERROR:root:No existing reservation for no.0000062735
ERROR:root:No existing reservation for no.0000062745
ERROR:root:No existing reservation for no.0000047453
ERROR:root:No existing reservation for no.0000042117
ERROR:root:No existing reservation for no.0000047470
ERROR:root:No existing reservation for no.0000047472
ERROR:root:No existing reservation for no.0000026349
ERROR:root:No existing reservation for no.0000026104
ERROR:root:No existing reservation for no.0000026528
ERROR:root:No existing reservation for no.0000063464
ERROR:root:No existing reservation for no.0000026209
ERROR:root:No existing reservation for no.0000033570
ERROR:root:No existing reservation for no.0000026940
ERROR:root:No existing reservation for no.0000026938
ERROR:root:No existing reservation for no.0000026103
ERROR:root:No existing reservation for no.0000026523
ERROR:root:No existing reservation for no.0000033573
ERROR:root:No existing reservation for no.0000033571
ERROR:root:No existing reservation for no.0000016776
ERROR:root:No existing reservation for no.0000016254
ERROR:root:No existing reservation for no.0000026942
ERROR:root:No existing reservation for no.0000026941
ERROR:root:No existing reservation for no.0000033574
ERROR:root:No existing reservation for no.0000033568
ERROR:root:No existing reservation for no.0000033628
ERROR:root:No existing reservation for no.yutaito020
ERROR:root:No existing reservation for no.misaki0522
ERROR:root:No existing reservation for no.waseda1102
ERROR:root:No existing reservation for no.RINOUE0513
ERROR:root:No existing reservation for no.30294910Aa
ERROR:root:No existing reservation for no.yasumodayo
ERROR:root:No existing reservation for no.5070000209
ERROR:root:No existing reservation for no.kuro336699
ERROR:root:No existing reservation for no.1227272727
ERROR:root:No existing reservation for no.0915537429
ERROR:root:No existing reservation for no.50913yumie
ERROR:root:No existing reservation for no.14161217ri
ERROR:root:No existing reservation for no.0019980320
ERROR:root:No existing reservation for no.9616ichiro
ERROR:root:No existing reservation for no.koku073096
ERROR:root:No existing reservation for no.inatennism
ERROR:root:No existing reservation for no.sunsunsun3
ERROR:root:No existing reservation for no.misaki0522
ERROR:root:No existing reservation for no.waseda1102
ERROR:root:No existing reservation for no.RINOUE0513
ERROR:root:No existing reservation for no.30294910Aa
ERROR:root:No existing reservation for no.yasumodayo
ERROR:root:No existing reservation for no.5070000209
ERROR:root:No existing reservation for no.kuro336699
ERROR:root:No existing reservation for no.1227272727
ERROR:root:No existing reservation for no.0915537429
ERROR:root:No existing reservation for no.50913yumie
ERROR:root:No existing reservation for no.14161217ri
ERROR:root:No existing reservation for no.0019980320
ERROR:root:No existing reservation for no.9616ichiro
ERROR:root:No existing reservation for no.koku073096
ERROR:root:No existing reservation for no.inatennism
ERROR:root:No existing reservation for no.sunsunsun3
ERROR:root:No existing reservation for no.0456982453
ERROR:root:No existing reservation for no.05121wsnfm
ERROR:root:No existing reservation for no.hahahawaii
ERROR:root:No existing reservation for no.misso0202y
ERROR:root:No existing reservation for no.amachan727
ERROR:root:No existing reservation for no.atsuya0NNS
ERROR:root:No existing reservation for no.andrew1341
ERROR:root:No existing reservation for no.1996081200
ERROR:root:No existing reservation for no.2412584657
ERROR:root:No existing reservation for no.kai1998030
ERROR:root:No existing reservation for no.seiraaoki8
ERROR:root:No existing reservation for no.0523142134
ERROR:root:No existing reservation for no.rico817nnn
ERROR:root:No existing reservation for no.3141592933
ERROR:root:No existing reservation for no.waseda917t
ERROR:root:No existing reservation for no.waseda1022
ERROR:root:No existing reservation for no.aotaku0205
ERROR:root:No existing reservation for no.tauff5kc11
ERROR:root:No existing reservation for no.1113896841
ERROR:root:No existing reservation for no.kota122525
ERROR:root:No existing reservation for no.1F19076806
ERROR:root:No existing reservation for no.0000120822
ERROR:root:No existing reservation for no.ad19390901
ERROR:root:No existing reservation for no.wonhyunkan
ERROR:root:No existing reservation for no.0012042000
ERROR:root:No existing reservation for no.9092609157
ERROR:root:No existing reservation for no.9081977555
ERROR:root:No existing reservation for no.1J20F04901
ERROR:root:No existing reservation for no.216to6au21
ERROR:root:No existing reservation for no.narumi0117
ERROR:root:No existing reservation for no.1019981015
ERROR:root:No existing reservation for no.mame190827
ERROR:root:No existing reservation for no.manadayo96
ERROR:root:No existing reservation for no.aiakanen24
ERROR:root:No existing reservation for no.balcerona9
ERROR:root:No existing reservation for no.tagurikoyo
ERROR:root:No existing reservation for no.0000114380
ERROR:root:No existing reservation for no.0000108456
ERROR:root:No existing reservation for no.0000114498
ERROR:root:No existing reservation for no.0000107857
ERROR:root:No existing reservation for no.m1i7n3aaas
ERROR:root:No existing reservation for no.1992040908
ERROR:root:No existing reservation for no.0806519452
ERROR:root:No existing reservation for no.garigariku
ERROR:root:No existing reservation for no.mai3011130
ERROR:root:No existing reservation for no.1993042420
ERROR:root:No existing reservation for no.4555555555
ERROR:root:No existing reservation for no.07290809ks
ERROR:root:No existing reservation for no.nkamatafai
ERROR:root:No existing reservation for no.2611726117
ERROR:root:No existing reservation for no.rikoko0107
ERROR:root:No existing reservation for no.fffffffff3
ERROR:root:No existing reservation for no.watanaaabe
ERROR:root:No existing reservation for no.miyusariko
ERROR:root:No existing reservation for no.1E19H14299
ERROR:root:No existing reservation for no.1Y19F00716
ERROR:root:No existing reservation for no.0000107853
ERROR:root:No existing reservation for no.0000108449
ERROR:root:No existing reservation for no.misaki0522
ERROR:root:No existing reservation for no.waseda1102
ERROR:root:No existing reservation for no.RINOUE0513
ERROR:root:No existing reservation for no.30294910Aa
ERROR:root:No existing reservation for no.yasumodayo
ERROR:root:No existing reservation for no.misaki0522
ERROR:root:No existing reservation for no.waseda1102
ERROR:root:No existing reservation for no.RINOUE0513
ERROR:root:No existing reservation for no.30294910Aa
ERROR:root:No existing reservation for no.yasumodayo
ERROR:root:No existing reservation for no.5070000209
ERROR:root:No existing reservation for no.kuro336699
ERROR:root:No existing reservation for no.1227272727
ERROR:root:No existing reservation for no.0915537429
ERROR:root:No existing reservation for no.50913yumie
ERROR:root:No existing reservation for no.14161217ri
ERROR:root:No existing reservation for no.0019980320
ERROR:root:No existing reservation for no.9616ichiro
ERROR:root:No existing reservation for no.koku073096
ERROR:root:No existing reservation for no.inatennism
ERROR:root:No existing reservation for no.sunsunsun3
ERROR:root:No existing reservation for no.0456982453
ERROR:root:No existing reservation for no.05121wsnfm
ERROR:root:No existing reservation for no.hahahawaii
ERROR:root:No existing reservation for no.misso0202y
ERROR:root:No existing reservation for no.amachan727
ERROR:root:No existing reservation for no.atsuya0NNS
ERROR:root:No existing reservation for no.andrew1341
ERROR:root:No existing reservation for no.1996081200
ERROR:root:No existing reservation for no.2412584657
ERROR:root:No existing reservation for no.kai1998030
ERROR:root:No existing reservation for no.seiraaoki8
ERROR:root:No existing reservation for no.0523142134
ERROR:root:No existing reservation for no.rico817nnn
ERROR:root:No existing reservation for no.3141592933
ERROR:root:No existing reservation for no.waseda917t
ERROR:root:No existing reservation for no.waseda1022
ERROR:root:No existing reservation for no.aotaku0205
ERROR:root:No existing reservation for no.tauff5kc11
ERROR:root:No existing reservation for no.1113896841
ERROR:root:No existing reservation for no.kota122525
ERROR:root:No existing reservation for no.1F19076806
ERROR:root:No existing reservation for no.0000120822
ERROR:root:No existing reservation for no.ad19390901
ERROR:root:No existing reservation for no.wonhyunkan
ERROR:root:No existing reservation for no.0012042000
ERROR:root:No existing reservation for no.9092609157
ERROR:root:No existing reservation for no.9081977555
ERROR:root:No existing reservation for no.1J20F04901
ERROR:root:No existing reservation for no.216to6au21
ERROR:root:No existing reservation for no.narumi0117
ERROR:root:No existing reservation for no.1019981015
ERROR:root:No existing reservation for no.mame190827
ERROR:root:No existing reservation for no.manadayo96
ERROR:root:No existing reservation for no.aiakanen24
ERROR:root:No existing reservation for no.balcerona9
ERROR:root:No existing reservation for no.tagurikoyo
ERROR:root:No existing reservation for no.0000114380
ERROR:root:No existing reservation for no.0000108456
ERROR:root:No existing reservation for no.0000114498
ERROR:root:No existing reservation for no.0000107857
ERROR:root:No existing reservation for no.m1i7n3aaas
ERROR:root:No existing reservation for no.1992040908
ERROR:root:No existing reservation for no.0806519452
ERROR:root:No existing reservation for no.garigariku
ERROR:root:No existing reservation for no.mai3011130
ERROR:root:No existing reservation for no.1993042420
ERROR:root:No existing reservation for no.4555555555
ERROR:root:No existing reservation for no.07290809ks
ERROR:root:No existing reservation for no.nkamatafai
ERROR:root:No existing reservation for no.2611726117
ERROR:root:No existing reservation for no.rikoko0107
ERROR:root:No existing reservation for no.fffffffff3
ERROR:root:No existing reservation for no.watanaaabe
ERROR:root:No existing reservation for no.miyusariko
ERROR:root:No existing reservation for no.1E19H14299
ERROR:root:No existing reservation for no.1Y19F00716
ERROR:root:No existing reservation for no.0000107853
ERROR:root:No existing reservation for no.0000108449
ERROR:root:No existing reservation for no.0000107836
ERROR:root:No existing reservation for no.0000109085
ERROR:root:No existing reservation for no.0000107854
ERROR:root:No existing reservation for no.0000098557
ERROR:root:No existing reservation for no.0000105345
ERROR:root:No existing reservation for no.0000098565
ERROR:root:No existing reservation for no.0000099816
ERROR:root:No existing reservation for no.0000098191
ERROR:root:No existing reservation for no.0000108447
ERROR:root:No existing reservation for no.0000108444
ERROR:root:No existing reservation for no.0000107855
ERROR:root:No existing reservation for no.0000108452
ERROR:root:No existing reservation for no.0000108441
ERROR:root:No existing reservation for no.0000098556
ERROR:root:No existing reservation for no.0000100124
ERROR:root:No existing reservation for no.0000099815
ERROR:root:No existing reservation for no.0000098560
ERROR:root:No existing reservation for no.0000106227
ERROR:root:No existing reservation for no.0000109084
ERROR:root:No existing reservation for no.0000109083
ERROR:root:No existing reservation for no.0000108446
ERROR:root:No existing reservation for no.0000103254
ERROR:root:No existing reservation for no.0000098256
ERROR:root:No existing reservation for no.0000098562
ERROR:root:No existing reservation for no.0000097609
ERROR:root:No existing reservation for no.0000106067
ERROR:root:No existing reservation for no.0000100123
ERROR:root:No existing reservation for no.0000098559
ERROR:root:No existing reservation for no.0000097608
ERROR:root:No existing reservation for no.0000098189
ERROR:root:No existing reservation for no.0000098563
ERROR:root:No existing reservation for no.0000098555
ERROR:root:No existing reservation for no.0000092168
ERROR:root:No existing reservation for no.0000095744
ERROR:root:No existing reservation for no.0000095739
ERROR:root:No existing reservation for no.0000092189
ERROR:root:No existing reservation for no.0000087297
ERROR:root:No existing reservation for no.0000094093
ERROR:root:No existing reservation for no.0000094711
ERROR:root:No existing reservation for no.0000098257
ERROR:root:No existing reservation for no.0000098190
ERROR:root:No existing reservation for no.0000102825
ERROR:root:No existing reservation for no.0000098182
ERROR:root:No existing reservation for no.0000098187
ERROR:root:No existing reservation for no.0000098594
ERROR:root:No existing reservation for no.0000098553
ERROR:root:No existing reservation for no.0000098188
ERROR:root:No existing reservation for no.0000095740
ERROR:root:No existing reservation for no.0000092167
ERROR:root:No existing reservation for no.0000097610
ERROR:root:No existing reservation for no.0000106065
ERROR:root:No existing reservation for no.0000098558
ERROR:root:No existing reservation for no.0000098566
ERROR:root:No existing reservation for no.0000100101
ERROR:root:No existing reservation for no.0000099797
ERROR:root:No existing reservation for no.0000098568
ERROR:root:No existing reservation for no.0000098181
ERROR:root:No existing reservation for no.0000088272
ERROR:root:No existing reservation for no.0000100401
ERROR:root:No existing reservation for no.0000093704
ERROR:root:No existing reservation for no.0000094712
ERROR:root:No existing reservation for no.0000094072
ERROR:root:No existing reservation for no.0000095745
ERROR:root:No existing reservation for no.0000105819
ERROR:root:No existing reservation for no.0000087296
ERROR:root:No existing reservation for no.0000098524
ERROR:root:No existing reservation for no.0000095742
ERROR:root:No existing reservation for no.0000085604
ERROR:root:No existing reservation for no.0000084876
ERROR:root:No existing reservation for no.0000085425
ERROR:root:No existing reservation for no.0000066717
ERROR:root:No existing reservation for no.0000074264
ERROR:root:No existing reservation for no.0000070759
ERROR:root:No existing reservation for no.0000066725
ERROR:root:No existing reservation for no.0000066724
ERROR:root:No existing reservation for no.0000087299
ERROR:root:No existing reservation for no.0000088256
ERROR:root:No existing reservation for no.0000084651
ERROR:root:No existing reservation for no.0000100100
ERROR:root:No existing reservation for no.0000095737
ERROR:root:No existing reservation for no.0000095738
ERROR:root:No existing reservation for no.0000085423
ERROR:root:No existing reservation for no.0000076214
ERROR:root:No existing reservation for no.0000075870
ERROR:root:No existing reservation for no.0000085424
ERROR:root:No existing reservation for no.0000068756
ERROR:root:No existing reservation for no.0000066718
ERROR:root:No existing reservation for no.0000063466
ERROR:root:No existing reservation for no.0000098554
ERROR:root:No existing reservation for no.0000095747
ERROR:root:No existing reservation for no.0000095746
ERROR:root:No existing reservation for no.0000090652
ERROR:root:No existing reservation for no.0000085596
ERROR:root:No existing reservation for no.0000095741
ERROR:root:No existing reservation for no.0000066720
ERROR:root:No existing reservation for no.0000070307
ERROR:root:No existing reservation for no.0000085607
ERROR:root:No existing reservation for no.0000066721
ERROR:root:No existing reservation for no.0000068761
ERROR:root:No existing reservation for no.0000066719
ERROR:root:No existing reservation for no.0000075241
ERROR:root:No existing reservation for no.misaki0522
ERROR:root:No existing reservation for no.waseda1102
ERROR:root:No existing reservation for no.RINOUE0513
ERROR:root:No existing reservation for no.30294910Aa
ERROR:root:No existing reservation for no.yasumodayo
ERROR:root:No existing reservation for no.5070000209
ERROR:root:No existing reservation for no.kuro336699
ERROR:root:No existing reservation for no.1227272727
ERROR:root:No existing reservation for no.0915537429
ERROR:root:No existing reservation for no.50913yumie
ERROR:root:No existing reservation for no.14161217ri
ERROR:root:No existing reservation for no.0019980320
ERROR:root:No existing reservation for no.9616ichiro
ERROR:root:No existing reservation for no.koku073096
ERROR:root:No existing reservation for no.inatennism
ERROR:root:No existing reservation for no.sunsunsun3
ERROR:root:No existing reservation for no.0456982453
ERROR:root:No existing reservation for no.05121wsnfm
ERROR:root:No existing reservation for no.hahahawaii
ERROR:root:No existing reservation for no.misso0202y
ERROR:root:No existing reservation for no.amachan727
ERROR:root:No existing reservation for no.misaki0522
ERROR:root:No existing reservation for no.waseda1102
ERROR:root:No existing reservation for no.RINOUE0513
ERROR:root:No existing reservation for no.30294910Aa
ERROR:root:No existing reservation for no.yasumodayo
ERROR:root:No existing reservation for no.5070000209
ERROR:root:No existing reservation for no.kuro336699
ERROR:root:No existing reservation for no.1227272727
ERROR:root:No existing reservation for no.0915537429
ERROR:root:No existing reservation for no.50913yumie
ERROR:root:No existing reservation for no.14161217ri
ERROR:root:No existing reservation for no.0019980320
ERROR:root:No existing reservation for no.9616ichiro
ERROR:root:No existing reservation for no.koku073096
ERROR:root:No existing reservation for no.inatennism
ERROR:root:No existing reservation for no.sunsunsun3
ERROR:root:No existing reservation for no.0456982453
ERROR:root:No existing reservation for no.05121wsnfm
ERROR:root:No existing reservation for no.hahahawaii
ERROR:root:No existing reservation for no.misso0202y
ERROR:root:No existing reservation for no.amachan727
ERROR:root:No existing reservation for no.atsuya0NNS
ERROR:root:No existing reservation for no.andrew1341
ERROR:root:No existing reservation for no.1996081200
ERROR:root:No existing reservation for no.2412584657
ERROR:root:No existing reservation for no.kai1998030
ERROR:root:No existing reservation for no.seiraaoki8
ERROR:root:No existing reservation for no.0523142134
ERROR:root:No existing reservation for no.rico817nnn
ERROR:root:No existing reservation for no.3141592933
ERROR:root:No existing reservation for no.waseda917t
ERROR:root:No existing reservation for no.waseda1022
ERROR:root:No existing reservation for no.aotaku0205
ERROR:root:No existing reservation for no.tauff5kc11
ERROR:root:No existing reservation for no.1113896841
ERROR:root:No existing reservation for no.kota122525
ERROR:root:No existing reservation for no.1F19076806
ERROR:root:No existing reservation for no.0000120822
ERROR:root:No existing reservation for no.ad19390901
ERROR:root:No existing reservation for no.wonhyunkan
ERROR:root:No existing reservation for no.0012042000
ERROR:root:No existing reservation for no.9092609157
ERROR:root:No existing reservation for no.9081977555
ERROR:root:No existing reservation for no.1J20F04901
ERROR:root:No existing reservation for no.216to6au21
ERROR:root:No existing reservation for no.narumi0117
ERROR:root:No existing reservation for no.1019981015
ERROR:root:No existing reservation for no.mame190827
ERROR:root:No existing reservation for no.manadayo96
ERROR:root:No existing reservation for no.aiakanen24
ERROR:root:No existing reservation for no.balcerona9
ERROR:root:No existing reservation for no.tagurikoyo
ERROR:root:No existing reservation for no.0000114380
ERROR:root:No existing reservation for no.0000108456
ERROR:root:No existing reservation for no.0000114498
ERROR:root:No existing reservation for no.0000107857
ERROR:root:No existing reservation for no.m1i7n3aaas
ERROR:root:No existing reservation for no.1992040908
ERROR:root:No existing reservation for no.0806519452
ERROR:root:No existing reservation for no.garigariku
ERROR:root:No existing reservation for no.mai3011130
ERROR:root:No existing reservation for no.1993042420
ERROR:root:No existing reservation for no.4555555555
ERROR:root:No existing reservation for no.07290809ks
ERROR:root:No existing reservation for no.nkamatafai
ERROR:root:No existing reservation for no.2611726117
ERROR:root:No existing reservation for no.rikoko0107
ERROR:root:No existing reservation for no.fffffffff3
ERROR:root:No existing reservation for no.watanaaabe
ERROR:root:No existing reservation for no.miyusariko
ERROR:root:No existing reservation for no.1E19H14299
ERROR:root:No existing reservation for no.1Y19F00716
ERROR:root:No existing reservation for no.0000107853
ERROR:root:No existing reservation for no.0000108449
ERROR:root:No existing reservation for no.0000107836
ERROR:root:No existing reservation for no.0000109085
ERROR:root:No existing reservation for no.0000107854
ERROR:root:No existing reservation for no.0000098557
ERROR:root:No existing reservation for no.0000105345
ERROR:root:No existing reservation for no.0000098565
ERROR:root:No existing reservation for no.0000099816
ERROR:root:No existing reservation for no.0000098191
ERROR:root:No existing reservation for no.0000108447
ERROR:root:No existing reservation for no.0000108444
ERROR:root:No existing reservation for no.0000107855
ERROR:root:No existing reservation for no.0000108452
ERROR:root:No existing reservation for no.0000108441
ERROR:root:No existing reservation for no.0000098556
ERROR:root:No existing reservation for no.0000100124
ERROR:root:No existing reservation for no.0000099815
ERROR:root:No existing reservation for no.0000098560
ERROR:root:No existing reservation for no.0000106227
ERROR:root:No existing reservation for no.0000109084
ERROR:root:No existing reservation for no.0000109083
ERROR:root:No existing reservation for no.0000108446
ERROR:root:No existing reservation for no.0000103254
ERROR:root:No existing reservation for no.0000098256
ERROR:root:No existing reservation for no.0000098562
ERROR:root:No existing reservation for no.0000097609
ERROR:root:No existing reservation for no.0000106067
ERROR:root:No existing reservation for no.0000100123
ERROR:root:No existing reservation for no.0000098559
ERROR:root:No existing reservation for no.0000097608
ERROR:root:No existing reservation for no.0000098189
ERROR:root:No existing reservation for no.0000098563
ERROR:root:No existing reservation for no.0000098555
ERROR:root:No existing reservation for no.0000092168
ERROR:root:No existing reservation for no.0000095744
ERROR:root:No existing reservation for no.0000095739
ERROR:root:No existing reservation for no.0000092189
ERROR:root:No existing reservation for no.0000087297
ERROR:root:No existing reservation for no.0000094093
ERROR:root:No existing reservation for no.0000094711
ERROR:root:No existing reservation for no.0000098257
ERROR:root:No existing reservation for no.0000098190
ERROR:root:No existing reservation for no.0000102825
ERROR:root:No existing reservation for no.0000098182
ERROR:root:No existing reservation for no.0000098187
ERROR:root:No existing reservation for no.0000098594
ERROR:root:No existing reservation for no.0000098553
ERROR:root:No existing reservation for no.0000098188
ERROR:root:No existing reservation for no.0000095740
ERROR:root:No existing reservation for no.0000092167
ERROR:root:No existing reservation for no.0000097610
ERROR:root:No existing reservation for no.0000106065
ERROR:root:No existing reservation for no.0000098558
ERROR:root:No existing reservation for no.0000098566
ERROR:root:No existing reservation for no.0000100101
ERROR:root:No existing reservation for no.0000099797
ERROR:root:No existing reservation for no.0000098568
ERROR:root:No existing reservation for no.0000098181
ERROR:root:No existing reservation for no.0000088272
ERROR:root:No existing reservation for no.0000100401
ERROR:root:No existing reservation for no.0000093704
ERROR:root:No existing reservation for no.0000094712
ERROR:root:No existing reservation for no.0000094072
ERROR:root:No existing reservation for no.0000095745
ERROR:root:No existing reservation for no.0000105819
ERROR:root:No existing reservation for no.0000087296
ERROR:root:No existing reservation for no.misaki0522
ERROR:root:No existing reservation for no.0000098524
ERROR:root:No existing reservation for no.0000095742
ERROR:root:No existing reservation for no.0000085604
ERROR:root:No existing reservation for no.0000084876
ERROR:root:No existing reservation for no.0000085425
ERROR:root:No existing reservation for no.misaki0522
ERROR:root:No existing reservation for no.0000066717
ERROR:root:No existing reservation for no.waseda1102
ERROR:root:No existing reservation for no.0000074264
ERROR:root:No existing reservation for no.0000070759
ERROR:root:No existing reservation for no.0000066725
ERROR:root:No existing reservation for no.0000066724
ERROR:root:No existing reservation for no.0000087299
ERROR:root:No existing reservation for no.0000088256
ERROR:root:No existing reservation for no.0000084651
ERROR:root:No existing reservation for no.0000100100
ERROR:root:No existing reservation for no.0000095737
ERROR:root:No existing reservation for no.0000095738
ERROR:root:No existing reservation for no.0000085423
ERROR:root:No existing reservation for no.0000076214
ERROR:root:No existing reservation for no.0000075870
ERROR:root:No existing reservation for no.0000085424
ERROR:root:No existing reservation for no.0000068756
ERROR:root:No existing reservation for no.0000066718
ERROR:root:No existing reservation for no.0000063466
ERROR:root:No existing reservation for no.0000098554
ERROR:root:No existing reservation for no.0000095747
ERROR:root:No existing reservation for no.0000095746
ERROR:root:No existing reservation for no.0000090652
ERROR:root:No existing reservation for no.0000085596
ERROR:root:No existing reservation for no.0000095741
ERROR:root:No existing reservation for no.0000066720
ERROR:root:No existing reservation for no.0000070307
ERROR:root:No existing reservation for no.0000085607
ERROR:root:No existing reservation for no.0000066721
ERROR:root:No existing reservation for no.0000068761
ERROR:root:No existing reservation for no.0000066719
ERROR:root:No existing reservation for no.0000075241
ERROR:root:No existing reservation for no.0000063362
ERROR:root:No existing reservation for no.0000066723
ERROR:root:No existing reservation for no.0000062599
ERROR:root:No existing reservation for no.0000063364
ERROR:root:No existing reservation for no.0000060386
ERROR:root:No existing reservation for no.0000025307
ERROR:root:No existing reservation for no.0000047477
ERROR:root:No existing reservation for no.0000047455
ERROR:root:No existing reservation for no.0000063463
ERROR:root:No existing reservation for no.0000026040
ERROR:root:No existing reservation for no.0000026526
ERROR:root:No existing reservation for no.0000061503
ERROR:root:No existing reservation for no.0000066722
ERROR:root:No existing reservation for no.0000063365
ERROR:root:No existing reservation for no.0000053124
ERROR:root:No existing reservation for no.0000062746
ERROR:root:No existing reservation for no.0000058706
ERROR:root:No existing reservation for no.0000061913
ERROR:root:No existing reservation for no.0000047469
ERROR:root:No existing reservation for no.0000047476
ERROR:root:No existing reservation for no.0000047471
ERROR:root:No existing reservation for no.0000026039
ERROR:root:No existing reservation for no.0000026525
ERROR:root:No existing reservation for no.0000026529
ERROR:root:No existing reservation for no.0000063462
ERROR:root:No existing reservation for no.0000062972
ERROR:root:No existing reservation for no.0000062854
ERROR:root:No existing reservation for no.0000062735
ERROR:root:No existing reservation for no.0000062745
ERROR:root:No existing reservation for no.0000047453
ERROR:root:No existing reservation for no.0000042117
ERROR:root:No existing reservation for no.0000047470
ERROR:root:No existing reservation for no.0000047472
ERROR:root:No existing reservation for no.0000026349
ERROR:root:No existing reservation for no.0000026104
ERROR:root:No existing reservation for no.0000026528
ERROR:root:No existing reservation for no.0000063464
ERROR:root:No existing reservation for no.0000026209
ERROR:root:No existing reservation for no.0000033570
ERROR:root:No existing reservation for no.0000026940
ERROR:root:No existing reservation for no.0000026938
ERROR:root:No existing reservation for no.0000026103
ERROR:root:No existing reservation for no.0000026523
ERROR:root:No existing reservation for no.0000033573
ERROR:root:No existing reservation for no.0000033571
ERROR:root:No existing reservation for no.0000016776
ERROR:root:No existing reservation for no.0000016254
ERROR:root:No existing reservation for no.0000026942
ERROR:root:No existing reservation for no.0000026941
ERROR:root:No existing reservation for no.0000033574
ERROR:root:No existing reservation for no.0000033568
ERROR:root:No existing reservation for no.0000033628
ERROR:root:No existing reservation for no.yutaito020
ERROR:root:No existing reservation for no.0159327846
ERROR:root:No existing reservation for no.1K20C34021
ERROR:root:No existing reservation for no.1T20067900
ERROR:root:No existing reservation for no.1T21073900
ERROR:root:No existing reservation for no.1F20073200
ERROR:root:No existing reservation for no.1K20C22500
ERROR:root:No existing reservation for no.1M20054490
ERROR:root:No existing reservation for no.edamame012
ERROR:root:No existing reservation for no.1J21E09400
ERROR:root:No existing reservation for no.1J21E14900
ERROR:root:No existing reservation for no.2444666668
ERROR:root:No existing reservation for no.0807032802
ERROR:root:No existing reservation for no.1271271271
ERROR:root:No existing reservation for no.0000060204
ERROR:root:No existing reservation for no.1E22H11600
ERROR:root:No existing reservation for no.1B22038700
ERROR:root:No existing reservation for no.1E23F12100
ERROR:root:No existing reservation for no.1E22020100
ERROR:root:No existing reservation for no.1J21F07400
ERROR:root:No existing reservation for no.6394286105
ERROR:root:No existing reservation for no.gota040608
ERROR:root:No existing reservation for no.MinamiFj03
